[    00000] inux vrson 415.054-generc (uild@lw01-md64-04)(gccverson7.4. (buntu 7.4.-1ubnt1~.04.))#58-bunt SMP Mn Jun 24 10:55:24 UTC 2019 (Ubuntu 4.15.0-54.58-generc 4.15.18)
[    0.000000] Command line: BOOT_IMAGE=/boot/vmlinuz-4.15.0-54-generic root=LABEL=cloudimg-rootfs ro console=tty1 console=ttyS0
[    0.000000] KERNEL supported cpus:
[    0.000000]   Intel GenuineIntel
[    0.000000]   AMD AuthenticAMD
[    0.000000]   Centaur CentaurHauls
[    0.000000] x86/fpu: Supporting XSAVE feature 0x001: 'x87 floating point registers'
[    0.000000] x86/fpu: Supporting XSAVE feature 0x002: 'SSE registers'
[    0.000000] x86/fpu: Supporting XSAVE feature 0x004: 'AVX registers'
[    .00000] x86/fp: xstate_offset[2]:  576, xstatesize[2: 25
[   0.0000] x8/fpu:nabld xsat feaurs 0, cotet iz is832 yts,usng 'tandard'fomat.
[   000000]e820: BIOS-provided physical RAM map:
[    0.000000] BIOS-e820: [mem 0x0000000000000000-0x000000000009fbff] usable
[    0.000000] BIOS-e820: [mem 0x000000000009fc00-0x000000000009ffff] reserved
[    0.000000] BIOS-e820: [mem 0x00000000000f0000-0x00000000000fffff] reserved
[    0.000000] BIOS-e820: [mem 0x0000000000100000-0x000000003ffeffff] usable
[    0.000000] BIOS-e820: [mem 0x000000003fff0000-0x000000003fffffff] ACPI data
[    0.000000] BIOS-e820: [mem 0x00000000fec00000-0x00000000fec00fff] reserved
[    0.000000] BIOS-e820: [mem 0x00000000fee00000-x000000fee00ff]reserd
[   0.0000 BOS-e20: [mm 0x000000fffc0000-x000000fffffff] eserve
[    0.000000 NX (Execue Diabe) potecio: aive[   0.0000] SMIO 2.5present.
[   0.0000] DI:inotk GbHVirtualBx/VirtulBx,BIS VirtalBo 12/01206
[  0.0000] Hpervisr eteced KVM
[  0.0000] 820:lat_pf = 03ff0 mx_rch_fn = 0x4000000
[   .00000] MTR: Disabled
[   0.000000] x86/PAT: MTRRs disaled,skippig ATintialiaton too
[   .00000 CPUMTRR al blnk -virtuaizd syte.
[  0.00000] 86PA: Configuration [0-7]: WB  WT  UC- UC  B  WT C- UC  
[   0000000 fund SP P-ableat[mem0x009ff0-0009fff] mappd t [      (trva)]
[   .00000] caning1 aras fr ow memor crruptin
[   000000] RMDSK: me 0x35a30000x6d40ff]
[  0.0000] API: Early table checksum verificaion isbled
[   000000 ACP: RSP 0x0000000E000 00024 v0 VBO  
[   0.00000] ACI:XSDT0x000000FFF003 0003C(v01VBX   BOXXDT000001 AL  000001)
[   0.0000] ACPI:FACP0x000000FFF00F0 000F4(v04VBOX  BOFAP 000000 ASL 000001)
[   .00000] ACI:DST x00000003FFF0700021F (v2 BOX  VOXIOS 000002 ITL201052)[   0.00000] ACPI: FACS 0x00000003FFF200 000040
[   0.000000 ACPI: FACS0x0000003FF000 0000
[   0.00000 ACP: APC x0000003FFF240 0005 (02 VOX  VBOXPI 0000001AS  0000061)
[   0.0000] ACI:SSDT0x0000003FFF2A 0001CC v01 BO  VBXCPU 000002 INL 010028)
[   0.0000 No UMA oniguratonfoun
[  0.0000] Fkinga node at [mem 0x0000000000000000-0x000000003fffff]
   0.00000 NDE_DTA(0 alocaed [em00x3fc500-0x3fefff]
[   00000] k-clok:cp 0 msr0:3ff4401, priary cp cock
[   0.00000]kvm-lock: sing mrs 4b54d1 an 4b5600
   000000]kv-clok: uing scedoffst f 36462552 cyces
[    0000000 cocksure: vmclock:mask 0fffffffffffff axcycls:0x1c42e4ff, ma_ile_n: 885959483ns
[   0.00000]Zone ranges:
[    0.000000]   DMA      [mem 0x000000000001000-0x000000000fffff]
[   0.0000]   MA32  [mem0x000000010000-00000000ffefff
[   0.0000   Nomal  empty
[    0.000000]   Device   mpty
    .00000 Movalezonestrt fr eah od
    .00000 Erly meory od ranes

[   0.0000]   noe   : [mm 0x00000000000000-0x000000009eff
[    0.0000]  nod  0: [em 0x0000000010000-x0000003fffff]
[   0.00000] Reserved but unavailable: 114 pages
[    0.000000] Initmem setup node 0 [mem 0x0000000000001000-0x000000003ffeffff]
[    0.000000] ACPI: PM-Timer IO Port: 0x4008
[    0.000000] IOAPIC[0]: apic_id 2, version 32, address 0xfec00000, GSI 0-23
[    0.000000] ACPI: INT_SRC_OVR (bus 0 bus_irq 0 global_irq 2 dfl dfl)
[    0.000000] ACPI: INT_SRC_OVR (bus 0 bus_irq 9 global_irq 9 lw leel)
[   0.0000] Using ACPI (MADT) for SMP configuraion inoratio
[   .0000] sboot Aloing 2 CPs, 0hotplug PUs[   0.0000 PM:Registred nsae meory: [em0x0000000-0x0000fff
    .0000 PM:Reiserd noave emry: me 0009f000x009fff]
[  0.0000] M: Rgiteednosae emor: [mem0x00a000-0000efff
[    0.00000] : Reiserednoave mmory [em 0x00f0000-x000fff]
   0.0000] e20: me 0x400000-xfebffff] aailale fr PCI deics
[   .00000] ooing arvirtalizd erneon KM
[   0.00000] clocksource: refined-jiffies: mask: 0xffffffff max_cycles: 0xffffffff, max_idle_ns: 7645519600211568 ns
[    0.000000] random: get_random_bytes called from start_kernel+0x99/0x4fd with crng_init=0
[    0.000000] setup_percpu: NR_CPUS:8192 n_cpumask_it:2 nr_cpuids:2nrnodeids:1
[    0.00000]percpu: Embedded 46 pages/cpu @        (ptrval) s151552 r8192 d2867 u108576
   0.00000]PVqspilockhah tale etres: 56(ordr:0, 4096byte)
[  0.0000] uit 1 zoelists, mbiliy roupng o. Tota pges:257913
[   000000]Policy zone: DMA3
[   0.000000]Kernel coand lne: OO_IAG=/bt/vmliuz-4150-54generic root=LABEL=cloudimg-rootfs ro console=tty1 console=ttyS0
[    0.000000] Memory: 983456K/1048120K available (12300K kernel code, 2473K rwdata, 472K rodata, 2408K init, 241K bss, 64664K reserved, 0K c-resrvd)
[   0000000 SLUB:HWalig=64, Oder=-3, inbjecs=, CPs=2,Noes=1
    .00000] erel/Uer pge tabesisolaton: enbld
[   0.0000] face:alocatng 3926 ntris in15 pags
[   0.00400] Hirachicl RC impementtion.
[    0.004000] 	CU resrictin CPU fom N_CUS=892 to nr_puids=.
[  0.0400] 	Taks RU enabed
[   0.0000] RC: Adjutig eomery fr rc_fanout_lef=16, r_cp_is=2
[   00000] NRIRS: 5454, n_iqs 40, pealocaedirqs 16[   0.0400] Cosoe:coour GA 80x5
[    0.004000] console [tty1] enabled
[    0.004000] console [ttyS0] enabled
[    0.004000] ACPI: Core revision 20170831
[    0.004000] ACPI: 2 ACPI AML tables successfully acquired and loaded
[    0.004000] APIC: Switch to symmetric I/O mode setup
[    0.004000] x2apic enabled
[    0.004000] Switched APIC routing to physical x2apic.
[    0.005488] ..TIMER: vector=0x30 apic1=0 pin1=2 apic2=-1 pin2=-1
[    0.008002] tsc: Detected 2712.00 MHz processor
[    0.012011] Calibrating delay loop (skipped) preset value.. 5424.00 BogoMIPS (lpj=10848000)
[    0.016009] pid_max: default: 32768 minimum: 301
[    0.020052] Security Framework initialized
[    0.024007] Yama: becoming mindful.
[    0.028044] AppArmor: AppArmor initialized
[    0.033046] Dentry cache hash table entries: 131072 (order: 8, 1048576 bytes)
[    0.036091] Inode-cache hash table entries: 65536 (order: 7, 524288 bytes)
[    0.040024] Mount-cache hash table entries: 2048 (order: 2, 16384 bytes)
[    0.044008] Mountpoint-cache hash table entries: 2048 (order: 2, 16384 bytes)
[    0.048273] mce: CPU supports 0 MCE banks
[    0.052024] Last level iTLB entries: 4KB 64, 2MB 8, 4MB 8
[    0.056006] Last level dTLB entries: 4KB 64, 2MB 0, 4MB 0, 1GB 4
[    0.060006] Spectre V2 : Mitigation: Full generic retpoline
[    0.064006] Spectre V2 : Spectre v2 / SpectreRSB mitigation: Filling RSB on context switch
[    0.066564] Speculative Store Bypass: Vulnerable
[    0.068039] MDS: Vulnerable: Clear CPU buffers attempted, no microcode
[    0.070165] Freeing SMP alternatives memory: 36K
[    0.076000] smpboot: CPU0: Intel(R) Core(TM) i5-7200U CPU @ 2.50GHz (family: 0x6, model: 0x8e, stepping: 0x9)
[    0.076098] Performance Events: unsupported p6 CPU model 142 no PMU driver, software events only.
[    0.080065] Hierarchical SRCU implementation.
[    0.084610] NMI watchdog: Perf event create on CPU 0 failed with -2
[    0.088006] NMI watchdog: Perf NMI watchdog permanently disabled
[    0.092074] smp: Bringing up secondary CPUs ...
[    0.096117] x86: Booting SMP configuration:
[    0.100008] .... node  #0, CPUs:      #1
[    0.004000] kvm-clock: cpu 1, msr 0:3ff44041, secondary cpu clock
[    0.004000] mce: CPU supports 0 MCE banks
[    0.107236] smp: Brought up 1 node, 2 CPUs
[    0.108008] smpboot: Max logical packages: 1
[    0.112008] smpboot: Total of 2 processors activated (10848.00 BogoMIPS)
[    0.116151] devtmpfs: initialized
[    0.120071] x86/mm: Memory block size: 128MB
[    0.124203] evm: security.selinux
[    0.128011] evm: security.SMACK64
[    0.132004] evm: security.SMACK64EXEC
[    0.136006] evm: security.SMACK64TRANSMUTE
[    0.140006] evm: security.SMACK64MMAP
[    0.144006] evm: security.apparmor
[    0.148008] evm: security.ima
[    0.152005] evm: security.capability
[    0.156109] clocksource: jiffies: mask: 0xffffffff max_cycles: 0xffffffff, max_idle_ns: 7645041785100000 ns
[    0.160014] futex hash table entries: 512 (order: 3, 32768 bytes)
[    0.164080] pinctrl core: initialized pinctrl subsystem
[    0.172141] RTC time:  4:38:40, date: 07/14/19
[    0.176241] NET: Registered protocol family 16
[    0.180108] audit: initializing netlink subsys (disabled)
[    0.184043] audit: type=2000 audit(1563079090.684:1): state=initialized audit_enabled=0 res=1
[    0.196012] cpuidle: using governor ladder
[    0.200018] cpuidle: using governor menu
[    0.204095] ACPI: bus type PCI registered
[    0.208007] acpiphp: ACPI Hot Plug PCI Controller Driver version: 0.5
[    0.216026] PCI: Using configuration type 1 for base access
[    0.221265] HugeTLB registered 2.00 MiB page size, pre-allocated 0 pages
[    0.224099] ACPI: Added _OSI(Module Device)
[    0.228012] ACPI: Added _OSI(Processor Device)
[    0.232003] ACPI: Added _OSI(3.0 _SCP Extensions)
[    0.236003] ACPI: Added _OSI(Processor Aggregator Device)
[    0.240004] ACPI: Added _OSI(Linux-Dell-Video)
[    0.244008] ACPI: Added _OSI(Linux-Lenovo-NV-HDMI-Audio)
[    0.248011] ACPI: Added _OSI(Linux-HPI-Hybrid-Graphics)
[    0.252335] ACPI: Executed 1 blocks of module-level executable AML code
[    0.262222] ACPI: Interpreter enabled
[    0.264016] ACPI: (supports S0 S5)
[    0.268004] ACPI: Using IOAPIC for interrupt routing
[    0.272353] PCI: Using host bridge windows from ACPI; if necessary, use "pci=nocrs" and report a bug
[    0.276207] ACPI: Enabled 2 GPEs in block 00 to 07
[    0.292000] ACPI: PCI Root Bridge [PCI0] (domain 0000 [bus 00-ff])
[    0.292018] acpi PNP0A03:00: _OSC: OS supports [ASPM ClockPM Segments MSI]
[    0.296057] acpi PNP0A03:00: _OSC: not requesting OS control; OS requires [ExtendedConfig ASPM ClockPM MSI]
[    0.300025] acpi PNP0A03:00: fail to add MMCONFIG information, can't access extended PCI configuration space under this bridge.
[    0.308376] PCI host bridge to bus 0000:00
[    0.312009] pci_bus 0000:00: root bus resource [io  0x0000-0x0cf7 window]
[    0.316011] pci_bus 0000:00: root bus resource [io  0x0d00-0xffff window]
[    0.320005] pci_bus 0000:00: root bus resource [mem 0x000a0000-0x000bffff window]
[    0.324014] pci_bus 0000:00: root bus resource [mem 0x40000000-0xfdffffff window]
[    0.328009] pci_bus 0000:00: root bus resource [bus 00-ff]
[    0.338154] pci 0000:00:01.1: legacy IDE quirk: reg 0x10: [io  0x01f0-0x01f7]
[    0.340005] pci 0000:00:01.1: legacy IDE quirk: reg 0x14: [io  0x03f6]
[    0.344005] pci 0000:00:01.1: legacy IDE quirk: reg 0x18: [io  0x0170-0x0177]
[    0.348006] pci 0000:00:01.1: legacy IDE quirk: reg 0x1c: [io  0x0376]
[    0.373656] pci 0000:00:07.0: quirk: [io  0x4000-0x403f] claimed by PIIX4 ACPI
[    0.376021] pci 0000:00:07.0: quirk: [io  0x4100-0x410f] claimed by PIIX4 SMB
[    0.394467] ACPI: PCI Interrupt Link [LNKA] (IRQs 5 9 10 *11)
[    0.400104] ACPI: PCI Interrupt Link [LNKB] (IRQs 5 9 *10 11)
[    0.404236] ACPI: PCI Interrupt Link [LNKC] (IRQs 5 *9 10 11)
[    0.412132] ACPI: PCI Interrupt Link [LNKD] (IRQs 5 9 10 *11)
[    0.420443] SCSI subsystem initialized
[    0.424068] pci 0000:00:02.0: vgaarb: setting as boot VGA device
[    0.428000] pci 0000:00:02.0: vgaarb: VGA device added: decodes=io+mem,owns=io+mem,locks=none
[    0.428011] pci 0000:00:02.0: vgaarb: bridge control possible
[    0.432006] vgaarb: loaded
[    0.436058] ACPI: bus type USB registered
[    0.440030] usbcore: registered new interface driver usbfs
[    0.444051] usbcore: registered new interface driver hub
[    0.448033] usbcore: registered new device driver usb
[    0.452078] EDAC MC: Ver: 3.0.0
[    0.460294] PCI: Using ACPI for IRQ routing
[    0.464466] NetLabel: Initializing
[    0.468007] NetLabel:  domain hash size = 128
[    0.472005] NetLabel:  protocols = UNLABELED CIPSOv4 CALIPSO
[    0.476038] NetLabel:  unlabeled traffic allowed by default
[    0.484105] clocksource: Switched to clocksource kvm-clock
[   0.3240 VS:Di qotas dquot6.0   094915] VFS Dotac hh bl entie: 12(ode0,09bys)
[    1.779977] AppArmor: AprmorFisyemnaed

[    2.098030] pnp: PP APIni
[  2623]npPn AI:ou 3evic
[   .812 cckur: pipm msk 0ffffaxycs:xfff m_idl_n 20857024ns
[  34314] NET: gier ptol amily2
[  .416 TP stablished hash table entries: 8192 (rdr:, 6536yt)
[   48816] TP ndastae tries: 819 (rdr:5,1307bys)
[   .659] TCP:Ha tlecoigedesblhe81 bd 92
[   .532461] UDP hashtae trs:12 (oer2,63 bes
[  7402]DPitha tlentes51(ordr: 2 138bys)[    8.03920] T:Regiterd protocol family 1
[   .249 p 00::00:imtig ret PC/P taner
[  9.03907] i 00:001: titi I D hg rkouds

[    98174 p 00::00:id dicwi sdod M  [m x0c0000x000dffff]

[   0.7969] npckg itmf..
[   11.473595] Freeing initrd memory: 19128K
[   11.562139] clocksource: tsc: mask: 0xffffffffffffffff max_cycles: 0x2717868ea45, max_idle_ns: 440795316085 ns
[   11.712741] platform rtc_cmos: registered platform RTC device (no PNP device found)
[   11.882457] Scanning for low memory corruption every 60 seconds
[   11.977189] Initialise system trusted keyrings
[   12.010650] Key type blacklist registered
[   12.061924] workingset: timestamp_bits=36 max_order=18 bucket_order=0
[   12.135277] zbud: loaded
[   12.159859] squashfs: version 4.0 (2009/01/31) Phillip Lougher
[   12.248685] fuse init (API version 7.26)
[   12.340247] Key type asymmetric registered
[   12.392628] Asymmetric key parser 'x509' registered
[   12.459052] Block layer SCSI generic (bsg) driver version 0.4 loaded (major 246)
[   12.547179] io scheduler noop registered
[   12.599467] io scheduler deadline registered
[   12.636737] io scheduler cfq registered (default)
[   12.697503] ACPI: AC Adapter [AC] (on-line)
[   12.766475] input: Power Button as /devices/LNXSYSTM:00/LNXPWRBN:00/input/input0
[   12.842821] ACPI: Power Button [PWRF]
[   12.884557] input: Sleep Button as /devices/LNXSYSTM:00/LNXSLPBN:00/input/input1
[   12.970622] ACPI: Sleep Button [SLPF]
[   130154] CP: aterSlt BA0]battery present)

[   13.061] ri: 5065 dver,32or, Q arg abled

[   13.420935] 00:02: ttyS0 at I/O 0x3f8 (irq = 4, base_baud = 115200) is a 16550A
[   14.171736] Linux agpgart interface v0.103
[   14.177679] loop: module loaded
[   14.202848] scsi host0: ata_piix
[   14.210166] scsi host1: ata_piix
[   14.219753] ata1: PATA max UDMA/33 cmd 0x1f0 ctl 0x3f6 bmdma 0xd000 irq 14
[   14.264721] ata2: PATA max UDMA/33 cmd 0x170 ctl 0x376 bmdma 0xd008 irq 15
[   14.297388] libphy: Fixed MDIO Bus: probed
[   14.305819] tun: Universal TUN/TAP device driver, 1.6
[   14.419791] PPP generic driver version 2.4.2
[   14.525547] ehci_hcd: USB 2.0 'Enhanced' Host Controller (EHCI) Driver
[   14.527495] ehci-pci: EHCI PCI platform driver
[   14.528914] ehci-platform: EHCI generic platform driver
[   14.530516] ohci_hcd: USB 1.1 'Open' Host Controller (OHCI) Driver
[   14.532402] ohci-pci: OHCI PCI platform driver
[   14.533802] ohci-platform: OHCI generic platform driver
[   14.535413] uhci_hcd: USB Universal Host Controller Interface driver
[   14.537415] i8042: PNP: PS/2 Controller [PNP0303:PS2K,PNP0f03:PS2M] at 0x60,0x64 irq 1,12
[   14.576781] serio: i8042 KBD port at 0x60,0x64 irq 1
[   14.606273] serio: i8042 AUX port at 0x60,0x64 irq 12
[   14.684422] mousedev: PS/2 mouse device common for all mice
[   14.821351] input: AT Translated Set 2 keyboard as /devices/platform/i8042/serio0/input/input2
[   14.946635] rtc_cmos rtc_cmos: rtc core: registered rtc_cmos as rtc0
[   150578 rc_mort_cosalmsp  o d, 4 te nvrm
[   158322 i /v ntriesdrer
[   162358 device-mapper: uevet:version 1.0.3

[   16.401686] device-mapper: ioctl: 4.37.0-ioctl (2017-09-20) initialised: dm-devel@redhat.com
[   16.493162] ledtrig-cpu: registered to indicate activity on CPUs
[   16.621144] NET: Registered protocol family 10
[   16.689323] Segment Routing with IPv6
[   16.735845] NET: Registered protocol family 17
[   16.808772] Key type dns_resolver registered
[   16.856354] RAS: Correctable Errors collector initialized.
[   16.908587] sched_clock: Marking stable (16908562773, 0)->(54462799124, -37554236351)
[   17.008103] registered taskstats version 1
[   17.096907] Loading compiled-in X.509 certificates
[   17.202894] Loaded X.509 cert 'Build time autogenerated kernel key: 1cc14bc8298a06d551159822c55fa35abd77a621'
[   17.322721] zswap: loaded using pool lzo/zbud
[   17.376991] Key type big_key registered
[   17.416302] Key type trusted registered
[   17.420153] Key type encrypted registered
[   17.454868] AppArmor: AppArmor sha1 policy hashing enabled
[   17.477736] ima: No TPM chip found, activating TPM-bypass! (rc=-19)
[   17.479700] ima: Allocated hash algorithm: sha1
[   17.490991] evm: HMAC attrs: 0x1
[   17.492509]   Magic number: 11:61:616
[   17.498012]  clockevents: hash matches
[   17.510855] rtc_cmos rtc_cmos: setting system clock to 2019-07-14 04:39:00 UTC (1563079140)
[   17.57023] BIS D facility .12004un5, dic fnd[ 18971]DDnfmation notavlable.

[   18.651343] Freeing unused kernel image memory: 2408K
[   19.796231] Write protecting the kernel read-only data: 20480k
[   19.818885] Freeing unused kernel image memory: 2008K
[   20.863754] Freeing unused kernel image memory: 1872K
[   22.009249] x86/mm: Checked W+X mappings: passed, no W+X pages found.
[   23.735835] x86/mm: Checking user space page tables
[   24.638194] x86/mm: Checked W+X mappings: passed, no W+X pages found.
Loading, please wait...
starting version 237
[   26.026212] e1000: Intel(R) PRO/1000 Network Driver - version 7.3.21-k8-NAPI
[   26.056854] e1000: Copyright (c) 1999-2006 Intel Corporation.
[   26.065696] Fusion MPT base driver 3.04.20
[   26.068177] Copyright (c) 1999-2008 LSI Corporation
[   26.076107] Fusion MPT SPI Host driver 3.04.20
[   26.082691] mptbase: ioc0: Initiating bringup
[   26.125189] AVX2 version of gcm_enc/dec engaged.
[   26.185136] AES CTR mode by8 optimization enabled
[   26.248390] ioc0: LSI53C1030 A0: Capabilities={Initiator}
[   26.297621] input: ImExPS/2 Generic Explorer Mouse as /devices/platform/i8042/serio1/input/input4
[   26.515852] scsi host2: ioc0: LSI53C1030 A0, FwRev=00000000h, Ports=1, MaxQ=256, IRQ=20
[   26.969191] scsi 2:0:0:0: Direct-Access     VBOX     HARDDISK         1.0  PQ: 0 ANSI: 5
[   27.328525] scsi target2:0:0: Beginning Domain Validation
[   27.355762] scsi target2:0:0: Domain Validation skipping write tests
[   27.367738] e1000 0000:00:03.0 eth0: (PCI:33MHz:32-bit) 02:26:45:5c:bc:af
[   27.367746] e1000 0000:00:03.0 eth0: Intel(R) PRO/1000 Network Connection
[   27.385728] scsi target2:0:0: Ending Domain Validation
[   27.399458] scsi target2:0:0: asynchronous
[   27.404504] scsi 2:0:1:0: Direct-Access     VBOX     HARDDISK         1.0  PQ: 0 ANSI: 5
[   27.720211] scsi target2:0:1: Beginning Domain Validation
[   27.746333] random: fast init done
[   28.088621] scsi target2:0:1: Domain Validation skipping write tests
[   28.091917] scsi target2:0:1: Ending Domain Validation
[   28.093667] scsi target2:0:1: asynchronous
[   28.099611] random: systemd-udevd: uninitialized urandom read (16 bytes read)
[   28.100631] e1000 0000:00:08.0 eth1: (PCI:33MHz:32-bit) 08:00:27:96:0b:83
[   28.100634] e1000 0000:00:08.0 eth1: Intel(R) PRO/1000 Network Connection
[   28.176607] sd 2:0:0:0: Attached scsi generic sg0 type 0
[   28.176787] sd 2:0:1:0: Attached scsi generic sg1 type 0
[   28.223415] random: systemd-udevd: uninitialized urandom read (16 bytes read)
[   28.257822] random: systemd-udevd: uninitialized urandom read (16 bytes read)
[   28.257928] sd 2:0:1:0: [sdb] 20480 512-byte logical blocks: (10.5 MB/10.0 MiB)
[   28.257998] sd 2:0:1:0: [sdb] Write Protect is off
[   28.258108] sd 2:0:1:0: [sdb] Incomplete mode parameter data
[   28.258109] sd 2:0:1:0: [sdb] Assuming drive cache: write through
[   28.293750] sd 2:0:0:0: [sda] 20971520 512-byte logical blocks: (10.7 GB/10.0 GiB)
[   28.293844] sd 2:0:0:0: [sda] Write Protect is off
[   28.293990] sd 2:0:0:0: [sda] Incomplete mode parameter data
[   28.293991] sd 2:0:0:0: [sda] Assuming drive cache: write through
[   28.295298]  sda: sda1
[   28.296028] sd 2:0:0:0: [sda] Attached SCSI disk
[   28.296696] sd 2:0:1:0: [sdb] Attached SCSI disk
[   28.446584] e1000 0000:00:03.0 enp0s3: renamed from eth0
[   28.475548] e1000 0000:00:08.0 enp0s8: renamed from eth1
Begin: Loading essential drivers ... [   30.112764] raid6: sse2x1   gen() 10543 MB/s
[   30.212274] raid6: sse2x1   xor()  7478 MB/s
[   30.308892] raid6: sse2x2   gen() 12515 MB/s
[   30.416262] raid6: sse2x2   xor()  7845 MB/s
[   30.516792] raid6: sse2x4   gen() 14972 MB/s
[   30.624118] raid6: sse2x4   xor()  8854 MB/s
[   30.720774] raid6: avx2x1   gen() 20249 MB/s
[   30.824225] raid6: avx2x1   xor() 14960 MB/s
[   30.924748] raid6: avx2x2   gen() 26066 MB/s
[   31.024325] raid6: avx2x2   xor() 16059 MB/s
[   31.132667] raid6: avx2x4   gen() 29406 MB/s
[   31.236089] raid6: avx2x4   xor() 16314 MB/s
[   31.273204] raid6: using algorithm avx2x4 gen() 29406 MB/s
[   31.275332] raid6: .... xor() 16314 MB/s, rmw enabled
[   31.285785] raid6: using avx2x2 recovery algorithm
[   31.316171] xor: automatically using best checksumming function   avx       
[   31.346183] async_tx: api initialized (async)
done.
Begin: Running /scripts/init-premount ... done.
Begin: Mounting [   31.431108] Btrfs loaded, crc32c=crc32c-intel
root file system ... Begin: Running /scripts/local-top ... done.
Begin: Running /scripts/local-premount ... Scanning for Btrfs filesystems
done.
Warning: fsck not present, so sk[   31.470516] EXT4-fs (sda1): mounted filesystem with ordered data mode. Opts: (null)
ipping root file system
done.
Begin: Running /scripts/local-bottom ... done.
Begin: Running /scripts/init-bottom ... done.
[   31.872029] ip_tables: (C) 2000-2006 Netfilter Core Team
[   31.911872] systemd[1]: systemd 237 running in system mode. (+PAM +AUDIT +SELINUX +IMA +APPARMOR +SMACK +SYSVINIT +UTMP +LIBCRYPTSETUP +GCRYPT +GNUTLS +ACL +XZ +LZ4 +SECCOMP +BLKID +ELFUTILS +KMOD -IDN2 +IDN -PCRE2 default-hierarchy=hybrid)
[   36.161084] systemd[1]: Detected virtualization oracle.
[   37.136661] systemd[1]: Detected architecture x86-64.

Welcome to [1mUbuntu 18.04.2 LTS[0m!

[   37.842196] systemd[1]: Set hostname to <ubuntu-bionic>.
[   39.550142] systemd[1]: Set up automount Arbitrary Executable File Formats File System Automount Point.
[[0;32m  OK  [0m] Set up automount Arbitrary Executab…rmats File System Automount Point.
[   39.704583] systemd[1]: Reached target Swap.
[[0;32m  OK  [0m] Reached target Swap.
[   39.828891] systemd[1]: Reached target User and Group Name Lookups.
[[0;32m  OK  [0m] Reached target User and Group Name Lookups.
[   39.838600] systemd[1]: Created slice User and Session Slice.
[[0;32m  OK  [0m] Created slice User and Session Slice.
[   39.868143] systemd[1]: Created slice System Slice.
[[0;32m  OK  [0m] Created slice System Slice.
[   39.877440] systemd[1]: Listening on Syslog Socket.
[[0;32m  OK  [0m] Listening on Syslog Socket.
[   39.949356] systemd[1]: Created slice system-serial\x2dgetty.slice.
[[0;32m  OK  [0m] Created slice system-serial\x2dgetty.slice.
[   40.048331] systemd[1]: Reached target Slices.
[[0;32m  OK  [0m] Reached target Slices.
[[0;32m  OK  [0m] Listening on udev Control Socket.
[[0;32m  OK  [0m] Listening on Journal Audit Socket.
[[0;32m  OK  [0m] Listening on Journal Socket.
         Starting Load Kernel Modules...
[   40.426418] Loading iSCSI transport class v2.0-870.
         Starting Remount[   40.509343] iscsi: registered transport (tcp)
 Root and Kernel File Systems...
[   40.574026] random: crng init done
[   40.598306] random: 7 urandom warning(s) missed due to ratelimiting
[   40.602731] EXT4-fs (sda1): re-mounted. Opts: (null)
         Mounting POSIX Message Queue File Syste[   40.644048] iscsi: registered transport (iser)
m...
[[0;32m  OK  [0m] Listening on LVM2 poll daemon socket.
         Starting Uncomplicated firewall...
[[0;32m  OK  [0m] Listening on LVM2 metadata daemon socket.
         Mounting Kernel Debug File System...
[[0;32m  OK  [0m] Listening on udev Kernel Socket.
         Starting udev Coldplug all Devices...
         Mounting Huge Pages File System...
         Starting Set the console keyboard layout...
[[0;32m  OK  [0m] Listening on Device-mapper event daemon FIFOs.
         Starting Monitoring of LVM2 mirrors…ng dmeventd or progress polling...
[[0;32m  OK  [0m] Listening on /dev/initctl Compatibility Named Pipe.
         Starting Create list of required st…ce nodes for the current kernel...
[[0;32m  OK  [0m] Listening on Network Service Netlink Socket.
[[0;32m  OK  [0m] Listening on Journal Socket (/dev/log).
         Starting Journal Service...
[[0;32m  OK  [0m] Reached target System Time Synchronized.
[[0;32m  OK  [0m] Started Forward Password Requests to Wall Directory Watch.
[[0;32m  OK  [0m] Started Load Kernel Modules.
[[0;32m  OK  [0m] Started Remount Root and Kernel File Systems.
[[0;32m  OK  [0m] Mounted POSIX Message Queue File System.
[[0;32m  OK  [0m] Started Uncomplicated firewall.
[[0;32m  OK  [0m] Mounted Kernel Debug File System.
[[0;32m  OK  [0m] Mounted Huge Pages File System.
[[0;32m  OK  [0m] Started Journal Service.
[[0;32m  OK  [0m] Started Create list of required sta…vice nodes for the current kernel.
[[0;32m  OK  [0m] Started Set the console keyboard layout.
[[0;32m  OK  [0m] Started LVM2 metadata daemon.
         Starting Create Static Device Nodes in /dev...
         Starting Flush Journal to Persistent Storage...
         Starting Load/Save Random Seed...
         Starting Apply Kernel Variables...
         Mounting FUSE Control File System...
         Mounting Kernel Configuration File System...
[[0;32m  OK  [0m] Started Monitoring of LVM2 mirrors,…sing dmeventd or progress polling.
[[0;32m  OK  [0m] Started udev Coldplug all Devices.
[[0;32m  OK  [0m] Started Create Static Device Nodes in /dev.
[[0;32m  OK  [0m] Started Load/Save Random Seed.
[[0;32m  OK  [0m] Started Apply Kernel Variables.
[[0;32m  OK  [0m] Mounted FUSE Control File System.
[[0;32m  OK  [0m] Mounted Kernel Configuration File System.
         Starting udev Kernel Device Manager...
[[0;32m  OK  [0m] Reached target Local File Systems (Pre).
[[0;32m  OK  [0m] Reached target Local File Systems.
         Starting ebtables ruleset management...
         Starting AppArmor initialization...
         Starting Tell Plymouth To Write Out Runtime Data...
         Starting Set console font and keymap...
[[0;32m  OK  [0m] Started udev Kernel Device Manager.
[[0;32m  OK  [0m] Started Dispatch Password Requests to Console Directory Watch.
[[0;32m  OK  [0m] Reached target Local Encrypted Volumes.
[[0;32m  OK  [0m] Started Tell Plymouth To Write Out Runtime Data.
[[0;32m  OK  [0m] Started Set console font and keymap.
[[0;32m  OK  [0m] Started ebtables ruleset management.
[[0;32m  OK  [0m] Started Flush Journal to Persistent Storage.
[[0;32m  OK  [0m] Found device /dev/ttyS0.
         Starting Create Volatile Files and Directories...
[[0;32m  OK  [0m] Started AppArmor initialization.
[[0;32m  OK  [0m] Started Create Volatile Files and Directories.
         Starting Update UTMP about System Boot/Shutdown...
         Starting Initial cloud-init job (pre-networking)...
[[0;32m  OK  [0m] Listening on Load/Save RF Kill Switch Status /dev/rfkill Watch.
[[0;32m  OK  [0m] Started Update UTMP about System Boot/Shutdown.
[   44.272768] cloud-init[523]: Cloud-init v. 19.1-1-gbaa47854-0ubuntu1~18.04.1 running 'init-local' at Sun, 14 Jul 2019 04:39:26 +0000. Up 43.95 seconds.
[[0;32m  OK  [0m] Started Initial cloud-init job (pre-networking).
[[0;32m  OK  [0m] Reached target Network (Pre).
         Starting Network Service...
[[0;32m  OK  [0m] Started Network Service.
         Starting Network Name Resolution...
         Starting Wait for Network to be Configured...
[[0;32m  OK  [0m] Started Network Name Resolution.
[[0;32m  OK  [0m] Reached target Network.
[[0;32m  OK  [0m] Reached target Host and Network Name Lookups.
[[0;32m  OK  [0m] Started Wait for Network to be Configured.
         Starting Initial cloud-init job (metadata service crawler)...
[   47.028302] cloud-init[662]: Cloud-init v. 19.1-1-gbaa47854-0ubuntu1~18.04.1 running 'init' at Sun, 14 Jul 2019 04:39:29 +0000. Up 46.77 seconds.
[   47.108498] cloud-init[662]: ci-info: ++++++++++++++++++++++++++++++++++++++Net device info++++++++++++++++++++++++++++++++++++++
[   47.200300] cloud-init[662]: ci-info: +--------+------+----------------------------+---------------+--------+-------------------+
[[0;32m  OK  [0m] Started Initial cloud-init job (metadata service crawler).
[[0;32m  OK  [0m] Reached target Cloud-config availability.
[[0;32m  OK  [0m] Reached target Network is Online.
[   47.294985] cloud-init[662]: ci-info: | Device |  Up  |          Address           |      Mask     | Scope  |     Hw-Address    |
[   47.528602] cloud-init[662]: ci-info: +--------+------+----------------------------+---------------+--------+-------------------+
[   47.676951] cloud-init[662]: ci-info: | enp0s33| True |         10.0.2.15          | 255.255.255.0 | global | 02:26:45:5c:bc:af |
[[   47.844578] cloud-init[662]: ci-info: | enp0s3 | True | fe80::26:45ff:fe5c:bcaf/64 |       .       |  link  | 02:26:45:5c:bc:af |
[   47.844914] cloud-init[662]: ci-info: | enp0s8 | True |       192.168.33.10        | 255.255.255.0 | global | 08:00:27:96:0b:83 |
[   47.846256] cloud-init[662]: ci-info: | enp0s8 | True | fe80::a00:27ff:fe96:b83/64 |       .       |  link  | 08:00:27:96:0b:83 |
[   47.846481] cloud-init[662]: ci-info: |   lo   | True |         127.0.0.1          |   255.0.0.0   |  host  |         .         |
[   47.846693] cloud-init[662]: ci-info: |   lo   | True |          ::1/128           |       .       |  host  |         .         |
[   47.846903] cloud-init[662]: ci-info: +--------+------+----------------------------+---------------+--------+-------------------+
[   47.847188] cloud-init[662]: ci-info: +++++++++++++++++++++++++++++Route IPv4 info+++++++++++++++++++++++++++++
[   47.847423] cloud-init[662]: ci-info: +-------+--------------+----------+-----------------+-----------+-------+
[   47.847718] cloud-init[662]: ci-info: | Route | Destination  | Gateway  |     Genmask     | Interface | Flags |
[   47.848020] cloud-init[662]: ci-info: +-------+--------------+----------+-----------------+-----------+-------+
[   47.848242] cloud-init[662]: ci-info: |   0   |   0.0.0.0    | 10.0.2.2 |     0.0.0.0     |   enp0s3  |   UG  |
[   47.848454] cloud-init[662]: ci-info: |   1   |   10.0.2.0   | 0.0.0.0  || 255.255.255.0  |   enp0s3  |   U   |
[   47.848665] cloud-init[662]: ci-info: |   2   |   10.0.2.2   | 0.0.0.0  | 255.255.255.255 |   enp0s3  |   UH  |
[   47.848934] cloud-init[662]: ci-info: |   3   | 192.168.33.0 | 0.0.0.0  |  255.255.255.0  |   enp0s8  |   U   |
[   47.849167] cloud-init[662]: ci-info: +-------+--------------+----------+-----------------+-----------+-------+
[0;32m  OK  [0m] Reached target Remote File Systems (Pre).
[[0;32m  OK  [0m] Reached target Remote File Systems.
         Starting Availability of block devices...
[[0;32m  OK  [0m] Reached target System Initialization.
[[0;32m  OK  [0m] Listening on Open-iSCSI iscsid Socket.
[   47.849380] cloud-init[662]: ci-info: +++++++++++++++++++Route IPv6 info+++++++++++++++++++
         Starting LXD - unix socket.
[   50.000720] cloud-init[662]: ci-info: +-------+-------------+---------+-----------+-------+
         Starting Socket activation for snappy daemon.
[[0;32m  OK  [0m] Listening on UUID daemon activation socket.
[   50.099491] cloud-init[662]: ci-info: | Route | Destination | Gateway | Interface | Flags |
[   50.276866] cloud-init[662]: ci-info: +-------+-------------+---------+-----------+-------+
[   50.310083] cloud-init[662]: ci-info: |   1   |  fe80::/64  |    ::   |   enp0s8  |   U   |
[   50.340347] cloud-init[662]: ci-info: |   2   |  fe80::/64  |    ::   |   enp0s3  |   U   |
[   50.394011] cloud-init[662]: ci-info: |   4   |    local    |    ::   |   enp0s3  |   U   |
[   50.436939] cloud-init[662]: ci-info: |   5   |    local    |    ::   |   enp0s8  |   U   |
[[0;32m  OK  [0m] Started Discard unused blocks once a week.
[[0;32m  OK  [0m] Started Message of the Day.
[[0;32m  OK  [0m] Started Daily apt download activities.
[[0;32m  OK  [0m] Started Daily apt upgrade and clean activities.
[   50.476160] cloud-init[662]: ci-info: |   6   |   ff00::/8  |    ::   |   enp0s8  |   U   |
[   50.656592] cloud-init[662]: ci-info: |   7   |   ff00::/8  |    ::   |   enp0s3  |   U   |
[   50.713153] cloud-init[662]: ci-info: +-------+-------------+---------+-----------+-------+
[[0;32m  OK  [0m] Listening on ACPID Listen Socket.
[[0;32m  OK  [0m] Listening on D-Bus System Message Bus Socket.
[[0;32m  OK  [0m] Started Daily Cleanup of Temporary Directories.
[[0;32m  OK  [0m] Started ACPI Events Check.
[[0;32m  OK  [0m] Reached target Paths.
[[0;32m  OK  [0m] Reached target Timers.
[[0;32m  OK  [0m] Started Availability of block devices.
[[0;32m  OK  [0m] Listening on LXD - unix socket.
[[0;32m  OK  [0m] Listening on Socket activation for snappy daemon.
[[0;32m  OK  [0m] Reached target Sockets.
[[0;32m  OK  [0m] Reached target Basic System.
         Starting vboxadd.service...
         Starting System Logging Service...
[[0;32m  OK  [0m] Started FUSE filesystem for LXC.
[[0;32m  OK  [0m] Started D-Bus System Message Bus.
         Starting LSB: automatic crash report generation...
         Starting Dispatcher daemon for systemd-networkd...
         Starting Login Service...
[[0;32m  OK  [0m] Started irqbalance daemon.
         Starting Permit User Sessions...
         Starting Snappy daemon...
         Starting LSB: Record successful boot for GRUB...
         Starting OpenBSD Secure Shell server...
[[0;32m  OK  [0m] Started Deferred execution scheduler.
         Starting Accounts Service...
[[0;32m  OK  [0m] Started Regular background program processing daemon.
         Starting LXD - container startup/shutdown...
[[0;32m  OK  [0m] Started System Logging Service.
[[0;32m  OK  [0m] Started vboxadd.service.
[[0;32m  OK  [0m] Started Snappy daemon.
[[0;32m  OK  [0m] Started Permit User Sessions.
[[0;32m  OK  [0m] Started Dispatcher daemon for systemd-networkd.
[[0;32m  OK  [0m] Started Login Service.
[[0;32m  OK  [0m] Started OpenBSD Secure Shell server.
         Starting Authorization Manager...
[[0;32m  OK  [0m] Started Unattended Upgrades Shutdown.
         Starting Terminate Plymouth Boot Screen...
         Starting Hold until boot process finishes up...
         Starting Wait until snapd is fully seeded...
         Starting vboxadd-service.service...
[[0;32m  OK  [0m] Started LSB: automatic crash report generation.
[[0;32m  OK  [0m] Started LSB: Record successful boot for GRUB.
[[0;32m  OK  [0m] Started LXD - container startup/shutdown.
[[0;32m  OK  [0m] Started Terminate Plymouth Boot Screen.
[[0;32m  OK  [0m] Started Hold until boot process finishes up.
[[0;32m  OK  [0m] Started Authorization Manager.
[[0;32m  OK  [0m] Started Wait until snapd is fully seeded.
[[0;32m  OK  [0m] Started vboxadd-service.service.
[[0;32m  OK  [0m] Started Accounts Service.
[[0;32m  OK  [0m] Created slice User Slice of vagrant.
         Starting Apply the settings specified in cloud-config...
         Starting Set console scheme...
[[0;32m  OK  [0m] Started Serial Getty on ttyS0.
[[0;32m  OK  [0m] Started Set console scheme.
[[0;32m  OK  [0m] Started Session 1 of user vagrant.
[[0;32m  OK  [0m] Created slice system-getty.slice.
[[0;32m  OK  [0m] Started Getty on tty1.
[[0;32m  OK  [0m] Reached target Login Prompts.
[[0;32m  OK  [0m] Reached target Multi-User System.
[[0;32m  OK  [0m] Reached target Graphical Interface.
         Starting Update UTMP about System Runlevel Changes...
         Starting User Manager for UID 1000...
[[0;32m  OK  [0m] Started Update UTMP about System Runlevel Changes.
[[0;32m  OK  [0m] Started User Manager for UID 1000.
[   53.373582] cloud-init[1126]: Cloud-init v. 19.1-1-gbaa47854-0ubuntu1~18.04.1 running 'modules:config' at Sun, 14 Jul 2019 04:39:36 +0000. Up 53.17 seconds.
[[0;32m  OK  [0m] Started Apply the settings specified in cloud-config.
         Starting Execute cloud user/final scripts...
[   54.304962] cloud-init[1239]: Cloud-init v. 19.1-1-gbaa47854-0ubuntu1~18.04.1 running 'modules:final' at Sun, 14 Jul 2019 04:39:37 +0000. Up 54.14 seconds.
[[0;32m  OK  [0m] Started Execute cloud user/final scripts.
[   54.429267] [cloud-init[0;32m  OK  [0m[1239]: ] Cloud-init v. 19.1-1-gbaa47854-0ubuntu1~18.04.1 finished at Sun, 14 Jul 2019 04:39:37 +0000. Datasource DataSourceNoCloud [seed=/dev/sdb][dsmode=net].  Up 54.29 secondsReached target Cloud-init target.


Ubuntu 18.04.2 LTS ubuntu-bionic ttyS0

ubuntu-bionic login: [23247.095861] systemd[1]: systemd-networkd.service: Watchdog timeout (limit 3min)!
